<?xml version="1.0" encoding="UTF-8"?>
<!-- Generated by org.testng.reporters.JUnitXMLReporter -->
<testsuite ignored="0" hostname="DESKTOP-OSM8RH8" failures="0" tests="6" name="Test" time="232.262" errors="0" timestamp="2024-08-29T12:54:15 IST">
  <testcase classname="testCases.TC003_LoginDDT" name="verify_loginDDT" time="14.549"/>
  <testcase classname="testCases.TC003_LoginDDT" name="verify_loginDDT" time="43.365"/>
  <testcase classname="testCases.TC003_LoginDDT" name="verify_loginDDT" time="36.963"/>
  <testcase classname="testCases.TC003_LoginDDT" name="verify_loginDDT" time="18.536"/>
  <testcase classname="testCases.TC003_LoginDDT" name="verify_loginDDT" time="14.824"/>
  <testcase classname="testCases.TC003_LoginDDT" name="verify_loginDDT" time="17.105"/>
</testsuite> <!-- Test -->
