<?xml version="1.0" encoding="UTF-8"?>
<testng-results ignored="0" total="6" passed="6" failed="0" skipped="0">
  <reporter-output>
  </reporter-output>
  <suite started-at="2024-08-29T12:50:23 IST" name="MasterSuite" finished-at="2024-08-29T12:54:15 IST" duration-ms="232262">
    <groups>
      <group name="DataDriven">
        <method signature="TC003_LoginDDT.verify_loginDDT(java.lang.String,java.lang.String,java.lang.String)[pri:0, instance:testCases.TC003_LoginDDT@4f2c9ba6]" name="verify_loginDDT" class="testCases.TC003_LoginDDT"/>
      </group> <!-- DataDriven -->
    </groups>
    <test started-at="2024-08-29T12:50:23 IST" name="Test" finished-at="2024-08-29T12:54:15 IST" duration-ms="232262">
      <class name="testCases.TC003_LoginDDT">
        <test-method is-config="true" signature="setup(java.lang.String,java.lang.String)[pri:0, instance:testCases.TC003_LoginDDT@4f2c9ba6]" started-at="2024-08-29T12:50:23 IST" name="setup" finished-at="2024-08-29T12:51:39 IST" duration-ms="75801" status="PASS">
          <params>
            <param index="0">
              <value>
                <![CDATA[Windows]]>
              </value>
            </param>
            <param index="1">
              <value>
                <![CDATA[chrome]]>
              </value>
            </param>
          </params>
          <reporter-output>
          </reporter-output>
        </test-method> <!-- setup -->
        <test-method signature="verify_loginDDT(java.lang.String,java.lang.String,java.lang.String)[pri:0, instance:testCases.TC003_LoginDDT@4f2c9ba6]" started-at="2024-08-29T12:51:48 IST" name="verify_loginDDT" data-provider="LoginData" finished-at="2024-08-29T12:52:03 IST" duration-ms="14549" status="PASS">
          <params>
            <param index="0">
              <value>
                <![CDATA[pavanoltraining@gmail.com]]>
              </value>
            </param>
            <param index="1">
              <value>
                <![CDATA[test@123]]>
              </value>
            </param>
            <param index="2">
              <value>
                <![CDATA[Valid]]>
              </value>
            </param>
          </params>
          <reporter-output>
          </reporter-output>
        </test-method> <!-- verify_loginDDT -->
        <test-method signature="verify_loginDDT(java.lang.String,java.lang.String,java.lang.String)[pri:0, instance:testCases.TC003_LoginDDT@4f2c9ba6]" started-at="2024-08-29T12:52:03 IST" name="verify_loginDDT" data-provider="LoginData" finished-at="2024-08-29T12:52:46 IST" duration-ms="43365" status="PASS">
          <params>
            <param index="0">
              <value>
                <![CDATA[lakshmi@yahoo.com]]>
              </value>
            </param>
            <param index="1">
              <value>
                <![CDATA[Laxmi]]>
              </value>
            </param>
            <param index="2">
              <value>
                <![CDATA[Valid]]>
              </value>
            </param>
          </params>
          <reporter-output>
          </reporter-output>
        </test-method> <!-- verify_loginDDT -->
        <test-method signature="verify_loginDDT(java.lang.String,java.lang.String,java.lang.String)[pri:0, instance:testCases.TC003_LoginDDT@4f2c9ba6]" started-at="2024-08-29T12:52:46 IST" name="verify_loginDDT" data-provider="LoginData" finished-at="2024-08-29T12:53:23 IST" duration-ms="36963" status="PASS">
          <params>
            <param index="0">
              <value>
                <![CDATA[laksh@yahoo.com]]>
              </value>
            </param>
            <param index="1">
              <value>
                <![CDATA[Lakshmi]]>
              </value>
            </param>
            <param index="2">
              <value>
                <![CDATA[Valid]]>
              </value>
            </param>
          </params>
          <reporter-output>
          </reporter-output>
        </test-method> <!-- verify_loginDDT -->
        <test-method signature="verify_loginDDT(java.lang.String,java.lang.String,java.lang.String)[pri:0, instance:testCases.TC003_LoginDDT@4f2c9ba6]" started-at="2024-08-29T12:53:23 IST" name="verify_loginDDT" data-provider="LoginData" finished-at="2024-08-29T12:53:42 IST" duration-ms="18536" status="PASS">
          <params>
            <param index="0">
              <value>
                <![CDATA[laks@yahoo.com]]>
              </value>
            </param>
            <param index="1">
              <value>
                <![CDATA[xyz]]>
              </value>
            </param>
            <param index="2">
              <value>
                <![CDATA[Invalid]]>
              </value>
            </param>
          </params>
          <reporter-output>
          </reporter-output>
        </test-method> <!-- verify_loginDDT -->
        <test-method signature="verify_loginDDT(java.lang.String,java.lang.String,java.lang.String)[pri:0, instance:testCases.TC003_LoginDDT@4f2c9ba6]" started-at="2024-08-29T12:53:42 IST" name="verify_loginDDT" data-provider="LoginData" finished-at="2024-08-29T12:53:57 IST" duration-ms="14824" status="PASS">
          <params>
            <param index="0">
              <value>
                <![CDATA[abc123@gmail.com]]>
              </value>
            </param>
            <param index="1">
              <value>
                <![CDATA[test@123]]>
              </value>
            </param>
            <param index="2">
              <value>
                <![CDATA[Valid]]>
              </value>
            </param>
          </params>
          <reporter-output>
          </reporter-output>
        </test-method> <!-- verify_loginDDT -->
        <test-method signature="verify_loginDDT(java.lang.String,java.lang.String,java.lang.String)[pri:0, instance:testCases.TC003_LoginDDT@4f2c9ba6]" started-at="2024-08-29T12:53:57 IST" name="verify_loginDDT" data-provider="LoginData" finished-at="2024-08-29T12:54:14 IST" duration-ms="17105" status="PASS">
          <params>
            <param index="0">
              <value>
                <![CDATA[]]>
              </value>
            </param>
            <param index="1">
              <value>
                <![CDATA[test@123]]>
              </value>
            </param>
            <param index="2">
              <value>
                <![CDATA[Invalid]]>
              </value>
            </param>
          </params>
          <reporter-output>
          </reporter-output>
        </test-method> <!-- verify_loginDDT -->
        <test-method is-config="true" signature="teardown()[pri:0, instance:testCases.TC003_LoginDDT@4f2c9ba6]" started-at="2024-08-29T12:54:14 IST" name="teardown" finished-at="2024-08-29T12:54:15 IST" duration-ms="1417" status="PASS">
          <reporter-output>
          </reporter-output>
        </test-method> <!-- teardown -->
      </class> <!-- testCases.TC003_LoginDDT -->
    </test> <!-- Test -->
  </suite> <!-- MasterSuite -->
</testng-results>
