<?xml version="1.0" encoding="UTF-8"?>
<!-- Generated by org.testng.reporters.JUnitXMLReporter -->
<testsuite ignored="0" hostname="DESKTOP-OSM8RH8" failures="0" tests="6" name="Test" time="115.945" errors="0" timestamp="2024-08-29T10:27:48 IST">
  <testcase classname="testCases.TC003_LoginDDT" name="verify_loginDDT" time="6.779"/>
  <testcase classname="testCases.TC003_LoginDDT" name="verify_loginDDT" time="6.579"/>
  <testcase classname="testCases.TC003_LoginDDT" name="verify_loginDDT" time="6.841"/>
  <testcase classname="testCases.TC003_LoginDDT" name="verify_loginDDT" time="15.22"/>
  <testcase classname="testCases.TC003_LoginDDT" name="verify_loginDDT" time="6.332"/>
  <testcase classname="testCases.TC003_LoginDDT" name="verify_loginDDT" time="14.976"/>
</testsuite> <!-- Test -->
